2025-08-04T03:33:22.565Z [INFO]: Creating an optimized production build ...

60

2025-08-04T03:33:35.931Z [WARNING]: <w> [webpack.cache.PackFileCacheStrategy] Serializing big strings (135kiB) impacts deserialization performance (consider using Buffer instead and decode when needed)

61

2025-08-04T03:33:36.329Z [WARNING]: Failed to compile.

62

                                    app/layout.tsx

63

                                    An error occurred in `next/font`.

64

                                    Error: Cannot find module 'autoprefixer'

65

                                    Require stack:

66

                                    - /codebuild/output/src107228605/src/ck-v2-nextjs/node_modules/next/dist/build/webpack/config/blocks/css/plugins.js

67

                                    - /codebuild/output/src107228605/src/ck-v2-nextjs/node_modules/next/dist/build/webpack/config/blocks/css/index.js

68

                                    - /codebuild/output/src107228605/src/ck-v2-nextjs/node_modules/next/dist/build/webpack/config/index.js

69

                                    - /codebuild/output/src107228605/src/ck-v2-nextjs/node_modules/next/dist/build/webpack-config.js

70

                                    - /codebuild/output/src107228605/src/ck-v2-nextjs/node_modules/next/dist/build/webpack/plugins/next-trace-entrypoints-plugin.js

71

                                    - /codebuild/output/src107228605/src/ck-v2-nextjs/node_modules/next/dist/build/collect-build-traces.js

72

                                    - /codebuild/output/src107228605/src/ck-v2-nextjs/node_modules/next/dist/build/index.js

73

                                    - /codebuild/output/src107228605/src/ck-v2-nextjs/node_modules/next/dist/cli/next-build.js

74

                                    at Module._resolveFilename (node:internal/modules/cjs/loader:1140:15)

75

                                    at /codebuild/output/src107228605/src/ck-v2-nextjs/node_modules/next/dist/server/require-hook.js:55:36

76

                                    at Function.resolve (node:internal/modules/helpers:188:19)

77

                                    at loadPlugin (/codebuild/output/src107228605/src/ck-v2-nextjs/node_modules/next/dist/build/webpack/config/blocks/css/plugins.js:53:32)

78

                                    at /codebuild/output/src107228605/src/ck-v2-nextjs/node_modules/next/dist/build/webpack/config/blocks/css/plugins.js:185:56

79

                                    at Array.map (<anonymous>)

80

                                    at getPostCssPlugins (/codebuild/output/src107228605/src/ck-v2-nextjs/node_modules/next/dist/build/webpack/config/blocks/css/plugins.js:185:47)

81

                                    at async /codebuild/output/src107228605/src/ck-v2-nextjs/node_modules/next/dist/build/webpack/config/blocks/css/index.js:125:36

82

                                    at async /codebuild/output/src107228605/src/ck-v2-nextjs/node_modules/next/dist/build/webpack/loaders/next-font-loader/index.js:94:33

83

                                    at async Span.traceAsyncFn (/codebuild/output/src107228605/src/ck-v2-nextjs/node_modules/next/dist/trace/trace.js:157:20)

84

2025-08-04T03:33:36.329Z [WARNING]: 

85

2025-08-04T03:33:36.330Z [WARNING]: 

86

2025-08-04T03:33:36.330Z [WARNING]: > Build failed because of webpack errors

87

2025-08-04T03:33:36.373Z [ERROR]: !!! Build failed

88

2025-08-04T03:33:36.373Z [INFO]: Please read more about Amplify Hosting's support for SSR frameworks to find if your build failure is related to an unsupported feature: https://docs.aws.amazon.com/amplify/latest/userguide/amplify-ssr-framework-support.html. You may also find this troubleshooting guide useful: https://docs.aws.amazon.com/amplify/latest/userguide/troubleshooting-ssr-deployment.html

89

2025-08-04T03:33:36.373Z [ERROR]: !!! Error: Command failed with exit code 1

90

2025-08-04T03:33:36.373Z [INFO]: # Starting environment caching...

91

2025-08-04T03:33:36.373Z [INFO]: # Environment caching completed